2019/08/24-12:02: Inicio Log agendasql por el usuario guillermo
2019/08/24-12:03: Agenda de Hoy
2019/08/24-12:03: Busqueda Fecha
2019/08/24-12:03: Alta de registro.
2019/08/24-12:03: Fin de sessión en calendario
2019/08/24-12:03: Inicio Log agendasql por el usuario guillermo
2019/08/24-12:04: Alta de registro.
2019/08/24-12:04: Agenda de Hoy
2019/08/24-12:05: Fin de sessión en calendario
2019/08/24-12:27: Inicio Log agendasql por el usuario guillermo
2019/08/24-12:28: Fin de sessión guillermo en agendasql
2019/08/24-12:30: Inicio Log agendasql por el usuario guillermo
2019/08/24-12:30: Alta de registro.
2019/08/24-12:31: Agenda de Hoy
2019/08/24-12:31: Fin de sessión guillermo en agendasql
2019/08/24-12:32: Inicio Log agendasql por el usuario guillermo
2019/08/24-12:33: Busqueda Fecha 24/08
2019/08/24-12:33: Agenda de Hoy
2019/08/24-12:33: Fin de sessión guillermo en agendasql
2019/08/24-12:34: Inicio Log agendasql por el usuario guillermo
2019/08/24-12:34: Fin de sessión guillermo en agendasql
2019/08/24-12:34: Inicio Log agendasql por el usuario guillermo
2019/08/24-12:35: Agenda de Hoy
2019/08/24-12:35: Fin de sessión guillermo en agendasql
2019/08/24-12:36: Inicio Log agendasql por el usuario guillermo
2019/08/24-12:37: Agenda de Hoy
2019/08/24-12:37: Busqueda Fecha 24/08
2019/08/24-12:37: Fin de sessión guillermo en agendasql
2019/08/24-12:38: Inicio Log agendasql por el usuario guillermo
2019/08/24-12:38: Agenda de Hoy
2019/08/24-12:38: Busqueda Fecha 24/08
2019/08/24-12:38: Borrado fecha 24/08
2019/08/24-12:39: Fin de sessión guillermo en agendasql
2019/08/24-12:47: Inicio Log agendasql por el usuario guillermo
2019/08/24-12:47: Fin de sessión guillermo en agendasql
2019/08/24-12:49: Inicio Log agendasql por el usuario guillermo
2019/08/24-12:53: Inicio Log agendasql por el usuario guillermo
2019/08/24-12:56: Inicio Log agendasql por el usuario guillermo
2019/08/24-12:58: Inicio Log agendasql por el usuario guillermo
2019/08/24-12:59: Inicio Log agendasql por el usuario guillermo
2019/08/24-13:00: Inicio Log agendasql por el usuario guillermo
2019/08/24-13:02: Inicio Log agendasql por el usuario guillermo
2019/08/24-13:03: Inicio Log agendasql por el usuario guillermo
2019/08/24-13:03: Back up agenda
2019/08/24-13:03: Busqueda Fecha 24/08
2019/08/24-13:03: Agenda de Hoy
2019/08/24-13:04: Fin de sessión guillermo en agendasql
2019/08/24-13:06: Inicio Log agendasql por el usuario guillermo
2019/08/24-13:06: Fin de sessión guillermo en agendasql
2019/08/24-13:08: Inicio Log agendasql por el usuario guillermo
2019/08/24-13:08: Fin de sessión guillermo en agendasql
2019/08/24-13:09: Inicio Log agendasql por el usuario guillermo
2019/08/24-13:09: Fin de sessión guillermo en agendasql
2019/08/24-13:17: Inicio Log agendasql por el usuario guillermo
2019/08/24-13:17: Fin de sessión guillermo en agendasql
2019/08/24-13:29: Inicio Log agendasql por el usuario guillermo
2019/08/24-13:29: Fin de sessión guillermo en agendasql
2019/08/24-13:29: Inicio Log agendasql por el usuario guillermo
2019/08/24-13:30: Agenda de Hoy
2019/08/24-13:30: Busqueda Fecha 24/08
2019/08/24-13:30: Busqueda Fecha 22/08
2019/08/24-13:31: Fin de sessión guillermo en agendasql
2019/08/24-13:34: Inicio Log agendasql por el usuario guillermo
2019/08/24-13:41: Inicio Log agendasql por el usuario guillermo
2019/08/24-13:46: Inicio Log agendasql por el usuario guillermo
2019/08/24-13:47: Inicio Log agendasql por el usuario guillermo
2019/08/24-13:48: Inicio Log agendasql por el usuario guillermo
2019/08/24-13:48: Efemerides
2019/08/24-13:52: Efemerides
2019/08/24-13:52: Busqueda Fecha 22/04
2019/08/24-13:53: Busqueda Fecha 22/08
2019/08/24-13:53: Busqueda Fecha 23/08
2019/08/24-13:53: Agenda de Hoy
2019/08/24-13:54: Alta de registro.
2019/08/24-13:54: Efemerides
2019/08/24-13:54: Busqueda Fecha 24/08
2019/08/24-13:55: Alta de registro.
2019/08/24-13:55: Agenda de Hoy
2019/08/24-13:56: Inicio Log agendasql por el usuario guillermo
2019/08/24-13:56: Fin de sessión guillermo en agendasql
2019/08/24-13:56: Inicio Log agendasql por el usuario guillermo
2019/08/24-13:56: Agenda de Hoy
2019/08/24-13:57: Fin de sessión guillermo en agendasql
2019/08/24-13:58: Inicio Log agendasql por el usuario guillermo
2019/08/24-13:58: Fin de sessión guillermo en agendasql
2019/08/24-14:23: Inicio Log agendasql por el usuario guillermo
2019/08/24-14:23: Efemerides
2019/08/24-14:23: Inicio Log agendasql por el usuario guillermo
2019/08/24-14:24: Borrado fecha 24/08
2019/08/24-14:24: Fin de sessión guillermo en agendasql
2019/08/24-14:28: Inicio Log agendasql por el usuario guillermo
2019/08/24-14:28: Efemerides
2019/08/24-14:29: Agenda de Hoy
2019/08/24-14:29: Busqueda Fecha 24/08
2019/08/24-14:29: Fin de sessión guillermo en agendasql
2019/08/24-14:31: Inicio Log agendasql por el usuario guillermo
2019/08/24-14:31: Alta de registro.
2019/08/24-14:31: Busqueda Fecha 2222
2019/08/24-14:33: Borrado fecha 2222
2019/08/24-14:33: Busqueda Fecha 2222
2019/08/24-14:35: Fin de sessión guillermo en agendasql
2019/08/24-14:37: Inicio Log agendasql por el usuario guillermo
2019/08/24-14:38: Inicio Log agendasql por el usuario guillermo
2019/08/24-14:39: Back up agenda
2019/08/24-14:40: Fin de sessión guillermo en agendasql
2019/08/24-14:43: Inicio Log agendasql por el usuario guillermo
2019/08/24-14:45: Fin de sessión guillermo en agendasql
2019/08/24-14:47: Inicio Log agendasql por el usuario guillermo
2019/08/24-14:50: Fin de sessión guillermo en agendasql
2019/08/24-14:50: Inicio Log agendasql por el usuario guillermo
2019/08/24-14:50: Alta de registro.
2019/08/24-14:51: Busqueda Fecha 1912
2019/08/24-14:54: Inicio Log agendasql por el usuario guillermo
2019/08/24-14:55: Fin de sessión guillermo en agendasql
2019/08/24-15:03: Inicio Log agendasql por el usuario guillermo
2019/08/24-15:04: Alta de registro.
2019/08/24-15:04: Fin de sessión guillermo en agendasql
2019/08/24-15:12: Inicio Log agendasql por el usuario guillermo
2019/08/24-15:15: Fin de sessión guillermo en agendasql
2019/08/24-16:34: Inicio Log agendasql por el usuario guillermo
2019/08/24-16:35: Fin de sessión guillermo en agendasql
2019/08/24-16:36: Inicio Log agendasql por el usuario guillermo
2019/08/24-16:36: Fin de sessión guillermo en agendasql
2019/08/24-16:36: Inicio Log agendasql por el usuario guillermo
2019/08/24-16:37: Fin de sessión guillermo en agendasql
2019/08/24-16:37: Inicio Log agendasql por el usuario guillermo
2019/08/24-16:38: Fin de sessión guillermo en agendasql
2019/08/24-16:38: Inicio Log agendasql por el usuario guillermo
2019/08/24-16:39: Inicio Log agendasql por el usuario guillermo
2019/08/24-16:39: Fin de sessión guillermo en agendasql
2019/08/24-16:39: Inicio Log agendasql por el usuario guillermo
2019/08/24-16:41: Fin de sessión guillermo en agendasql
2019/08/24-16:41: Inicio Log agendasql por el usuario guillermo
2019/08/24-16:42: Inicio Log agendasql por el usuario guillermo
2019/08/24-16:44: Fin de sessión guillermo en agendasql
2019/08/24-16:45: Inicio Log agendasql por el usuario guillermo
2019/08/24-16:46: Fin de sessión guillermo en agendasql
2019/08/24-16:46: Inicio Log agendasql por el usuario guillermo
2019/08/24-16:51: Fin de sessión guillermo en agendasql
2019/08/24-16:51: Inicio Log agendasql por el usuario guillermo
2019/08/24-16:51: Fin de sessión guillermo en agendasql
2019/08/24-16:54: Inicio Log agendasql por el usuario guillermo
2019/08/24-16:57: Fin de sessión guillermo en agendasql
2019/08/24-16:57: Inicio Log agendasql por el usuario guillermo
2019/08/24-16:58: Efemerides
2019/08/24-16:59: Busqueda Fecha 193
2019/08/24-16:59: Fin de sessión guillermo en agendasql
2019/08/24-17:02: Inicio Log agendasql por el usuario guillermo
2019/08/24-17:02: Borrado fecha 2323
2019/08/24-17:02: Busqueda Fecha 2323
2019/08/24-17:02: Fin de sessión guillermo en agendasql
2019/08/24-17:02: Inicio Log agendasql por el usuario guillermo
2019/08/24-17:02: Back up agenda
2019/08/24-17:02: Fin de sessión guillermo en agendasql
