2019-08-31_11:19: Inicio Log agendasql por el usuario guillermo
2019-08-31_11:21: Alta de registro.
2019-08-31_11:22: Busqueda de tareas por Fecha de Inicio2019-09-05
2019-08-31_11:24: Alta de registro.
2019-08-31_11:25: Fin de sessión guillermo en tareassql
2019-08-31_11:31: Inicio Log agendasql por el usuario guillermo
2019-08-31_11:35: Busqueda de tareas por Fecha de Inicio
2019-08-31_11:35: Agenda de Hoy
2019-08-31_11:36: Fin de sessión guillermo en tareassql
2019-08-31_11:36: Inicio Log agendasql por el usuario guillermo
2019-08-31_11:36: Fin de sessión guillermo en tareassql
2019-08-31_11:36: Inicio Log agendasql por el usuario guillermo
2019-08-31_11:37: Fin de sessión guillermo en tareassql
2019-08-31_11:37: Inicio Log agendasql por el usuario guillermo
2019-08-31_11:38: Fin de sessión guillermo en tareassql
2019-08-31_11:38: Inicio Log agendasql por el usuario guillermo
2019-08-31_11:38: Fin de sessión guillermo en tareassql
2019-08-31_11:38: Inicio Log agendasql por el usuario guillermo
2019-08-31_11:39: Busqueda de tareas por Fecha de Inicio2019-09-01
2019-08-31_11:39: Busqueda de tareas por Fecha de Inicio2019-08-31
2019-08-31_11:40: Busqueda de tareas por Fecha de Inicio
2019-08-31_11:41: Busqueda de tareas por Fecha de Inicio9
2019-08-31_11:41: Busqueda de tareas por Fecha de Inicio
2019-08-31_11:41: Fin de sessión guillermo en tareassql
2019-08-31_11:41: Inicio Log agendasql por el usuario guillermo
2019-08-31_11:41: Busqueda de tareas por Fecha de Inicio
2019-08-31_11:41: Fin de sessión guillermo en tareassql
2019-08-31_11:41: Inicio Log agendasql por el usuario guillermo
2019-08-31_11:41: Busqueda de tareas por Fecha de Inicio
2019-08-31_11:41: Back up agenda
2019-08-31_11:42: Agenda de Hoy
2019-08-31_11:51: Fin de sessión guillermo en tareassql
2019-08-31_11:51: Inicio Log agendasql por el usuario guillermo
2019-08-31_11:51: Busqueda de tareas por Fecha de Inicio
2019-08-31_15:13: Agenda de Hoy
2019-08-31_15:13: Fin de sessión guillermo en tareassql
2019-08-31_15:14: Inicio Log agendasql por el usuario guillermo
2019-08-31_15:18: Fin de sessión guillermo en tareassql
2019-08-31_15:18: Inicio Log agendasql por el usuario guillermo
2019-08-31_15:21: Fin de sessión guillermo en tareassql
2019-08-31_15:21: Inicio Log agendasql por el usuario guillermo
2019-08-31_15:21: Fin de sessión guillermo en tareassql
2019-08-31_15:21: Inicio Log agendasql por el usuario guillermo
2019-08-31_15:22: Fin de sessión guillermo en tareassql
2019-08-31_15:22: Inicio Log agendasql por el usuario guillermo
2019-08-31_15:22: Fin de sessión guillermo en tareassql
2019-08-31_15:22: Inicio Log agendasql por el usuario guillermo
2019-08-31_15:23: Fin de sessión guillermo en tareassql
2019-08-31_15:23: Inicio Log agendasql por el usuario guillermo
2019-08-31_15:23: Fin de sessión guillermo en tareassql
2019-08-31_15:23: Inicio Log agendasql por el usuario guillermo
2019-08-31_15:28: Fin de sessión guillermo en tareassql
